# JRE version: OpenJDK Runtime Environment Microsoft-13877129 (17.0.19+10) (build 17.0.19+10-LTS)
# Java VM: OpenJDK 64-Bit Server VM Microsoft-13877129 (17.0.19+10-LTS, mixed mode, emulated-client, sharing, tiered, compressed oops, compressed class ptrs, g1 gc, windows-amd64)
GC Precious Log:
 CPUs: 4 total, 4 available
 Memory: 12092M
 Large Page Support: Disabled
 NUMA Support: Disabled
 Compressed Oops: Enabled (Zero based)
 Heap Region Size: 2M
 Heap Min Capacity: 8M
 Heap Initial Capacity: 190M
 Heap Max Capacity: 3024M
 Pre-touch: Disabled
 Parallel Workers: 4
 Concurrent Workers: 1
 Concurrent Refinement Workers: 4
 Periodic GC: Disabled
Heap:
 garbage-first heap   total 92160K, used 37668K [0x0000000743000000, 0x0000000800000000)
  region size 2048K, 3 young (6144K), 3 survivors (6144K)
 Metaspace       used 62264K, committed 62784K, reserved 1114112K
  class space    used 9230K, committed 9472K, reserved 1048576K
GC Heap History (20 events):
Event: 3.630 GC heap after
{Heap after GC invocations=4 (full 0):
 garbage-first heap   total 194560K, used 14610K [0x0000000743000000, 0x0000000800000000)
  region size 2048K, 5 young (10240K), 5 survivors (10240K)
 Metaspace       used 21254K, committed 21504K, reserved 1114112K
  class space    used 2969K, committed 3072K, reserved 1048576K
}
Event: 5.022 GC heap before
{Heap before GC invocations=5 (full 0):
 garbage-first heap   total 61440K, used 59666K [0x0000000743000000, 0x0000000800000000)
  region size 2048K, 27 young (55296K), 5 survivors (10240K)
 Metaspace       used 27823K, committed 28160K, reserved 1114112K
  class space    used 3953K, committed 4096K, reserved 1048576K
}
Event: 5.040 GC heap after
{Heap after GC invocations=6 (full 0):
 garbage-first heap   total 75776K, used 18599K [0x0000000743000000, 0x0000000800000000)
  region size 2048K, 6 young (12288K), 6 survivors (12288K)
 Metaspace       used 27823K, committed 28160K, reserved 1114112K
  class space    used 3953K, committed 4096K, reserved 1048576K
}
Event: 5.943 GC heap before
{Heap before GC invocations=6 (full 0):
 garbage-first heap   total 75776K, used 51367K [0x0000000743000000, 0x0000000800000000)
  region size 2048K, 22 young (45056K), 6 survivors (12288K)
 Metaspace       used 33031K, committed 33536K, reserved 1114112K
  class space    used 4705K, committed 4928K, reserved 1048576K
}
Event: 5.960 GC heap after
{Heap after GC invocations=7 (full 0):
 garbage-first heap   total 75776K, used 19655K [0x0000000743000000, 0x0000000800000000)
  region size 2048K, 1 young (2048K), 1 survivors (2048K)
 Metaspace       used 33031K, committed 33536K, reserved 1114112K
  class space    used 4705K, committed 4928K, reserved 1048576K
}
Event: 6.410 GC heap before
{Heap before GC invocations=7 (full 0):
 garbage-first heap   total 75776K, used 29895K [0x0000000743000000, 0x0000000800000000)
  region size 2048K, 7 young (14336K), 1 survivors (2048K)
 Metaspace       used 35694K, committed 36160K, reserved 1114112K
  class space    used 5121K, committed 5376K, reserved 1048576K
}
Event: 6.417 GC heap after
{Heap after GC invocations=8 (full 0):
 garbage-first heap   total 75776K, used 20213K [0x0000000743000000, 0x0000000800000000)
  region size 2048K, 2 young (4096K), 2 survivors (4096K)
 Metaspace       used 35694K, committed 36160K, reserved 1114112K
  class space    used 5121K, committed 5376K, reserved 1048576K
}
Event: 7.232 GC heap before
{Heap before GC invocations=9 (full 0):
 garbage-first heap   total 75776K, used 52981K [0x0000000743000000, 0x0000000800000000)
  region size 2048K, 19 young (38912K), 2 survivors (4096K)
 Metaspace       used 42977K, committed 43456K, reserved 1114112K
  class space    used 6081K, committed 6272K, reserved 1048576K
}
Event: 7.245 GC heap after
{Heap after GC invocations=10 (full 0):
 garbage-first heap   total 75776K, used 22770K [0x0000000743000000, 0x0000000800000000)
  region size 2048K, 3 young (6144K), 3 survivors (6144K)
 Metaspace       used 42977K, committed 43456K, reserved 1114112K
  class space    used 6081K, committed 6272K, reserved 1048576K
}
Event: 7.976 GC heap before
{Heap before GC invocations=11 (full 0):
 garbage-first heap   total 75776K, used 55538K [0x0000000743000000, 0x0000000800000000)
  region size 2048K, 19 young (38912K), 3 survivors (6144K)
 Metaspace       used 50110K, committed 50688K, reserved 1114112K
  class space    used 7277K, committed 7552K, reserved 1048576K
}
Event: 7.991 GC heap after
{Heap after GC invocations=12 (full 0):
 garbage-first heap   total 75776K, used 24048K [0x0000000743000000, 0x0000000800000000)
  region size 2048K, 2 young (4096K), 2 survivors (4096K)
 Metaspace       used 50110K, committed 50688K, reserved 1114112K
  class space    used 7277K, committed 7552K, reserved 1048576K
}
Event: 8.773 GC heap before
{Heap before GC invocations=12 (full 0):
 garbage-first heap   total 75776K, used 58864K [0x0000000743000000, 0x0000000800000000)
  region size 2048K, 19 young (38912K), 2 survivors (4096K)
 Metaspace       used 54651K, committed 55168K, reserved 1114112K
  class space    used 7925K, committed 8192K, reserved 1048576K
}
Event: 8.785 GC heap after
{Heap after GC invocations=13 (full 0):
 garbage-first heap   total 92160K, used 25871K [0x0000000743000000, 0x0000000800000000)
  region size 2048K, 2 young (4096K), 2 survivors (4096K)
 Metaspace       used 54651K, committed 55168K, reserved 1114112K
  class space    used 7925K, committed 8192K, reserved 1048576K
}
Event: 9.493 GC heap before
{Heap before GC invocations=13 (full 0):
 garbage-first heap   total 92160K, used 68879K [0x0000000743000000, 0x0000000800000000)
  region size 2048K, 23 young (47104K), 2 survivors (4096K)
 Metaspace       used 60932K, committed 61504K, reserved 1114112K
  class space    used 9054K, committed 9344K, reserved 1048576K
}
Event: 9.513 GC heap after
{Heap after GC invocations=14 (full 0):
 garbage-first heap   total 92160K, used 30159K [0x0000000743000000, 0x0000000800000000)
  region size 2048K, 3 young (6144K), 3 survivors (6144K)
 Metaspace       used 60932K, committed 61504K, reserved 1114112K
  class space    used 9054K, committed 9344K, reserved 1048576K
}
Event: 9.715 GC heap before
{Heap before GC invocations=14 (full 0):
 garbage-first heap   total 92160K, used 71119K [0x0000000743000000, 0x0000000800000000)
  region size 2048K, 23 young (47104K), 3 survivors (6144K)
 Metaspace       used 62243K, committed 62784K, reserved 1114112K
  class space    used 9227K, committed 9472K, reserved 1048576K
}
Event: 9.736 GC heap after
{Heap after GC invocations=15 (full 0):
 garbage-first heap   total 92160K, used 32028K [0x0000000743000000, 0x0000000800000000)
  region size 2048K, 1 young (2048K), 1 survivors (2048K)
 Metaspace       used 62243K, committed 62784K, reserved 1114112K
  class space    used 9227K, committed 9472K, reserved 1048576K
}
Event: 9.847 GC heap before
{Heap before GC invocations=15 (full 0):
 garbage-first heap   total 92160K, used 70940K [0x0000000743000000, 0x0000000800000000)
  region size 2048K, 20 young (40960K), 1 survivors (2048K)
 Metaspace       used 62263K, committed 62784K, reserved 1114112K
  class space    used 9230K, committed 9472K, reserved 1048576K
}
Event: 9.858 GC heap after
{Heap after GC invocations=16 (full 0):
 garbage-first heap   total 92160K, used 33987K [0x0000000743000000, 0x0000000800000000)
  region size 2048K, 2 young (4096K), 2 survivors (4096K)
 Metaspace       used 62263K, committed 62784K, reserved 1114112K
  class space    used 9230K, committed 9472K, reserved 1048576K
}
Event: 9.948 GC heap before
{Heap before GC invocations=16 (full 0):
 garbage-first heap   total 92160K, used 70851K [0x0000000743000000, 0x0000000800000000)
  region size 2048K, 20 young (40960K), 2 survivors (4096K)
 Metaspace       used 62264K, committed 62784K, reserved 1114112K
  class space    used 9230K, committed 9472K, reserved 1048576K
}

