# JRE version: OpenJDK Runtime Environment Microsoft-13877129 (17.0.19+10) (build 17.0.19+10-LTS)
# Java VM: OpenJDK 64-Bit Server VM Microsoft-13877129 (17.0.19+10-LTS, mixed mode, sharing, tiered, compressed oops, compressed class ptrs, g1 gc, windows-amd64)
GC Precious Log:
 CPUs: 4 total, 4 available
 Memory: 12092M
 Large Page Support: Disabled
 NUMA Support: Disabled
 Compressed Oops: Enabled (Zero based)
 Heap Region Size: 2M
 Heap Min Capacity: 8M
 Heap Initial Capacity: 190M
 Heap Max Capacity: 3024M
 Pre-touch: Disabled
 Parallel Workers: 4
 Concurrent Workers: 1
 Concurrent Refinement Workers: 4
 Periodic GC: Disabled
Heap:
 garbage-first heap   total 79872K, used 31154K [0x0000000743000000, 0x0000000800000000)
  region size 2048K, 2 young (4096K), 2 survivors (4096K)
 Metaspace       used 65684K, committed 66240K, reserved 1114112K
  class space    used 9169K, committed 9408K, reserved 1048576K
GC Heap History (20 events):
Event: 6.275 GC heap after
{Heap after GC invocations=8 (full 0):
 garbage-first heap   total 65536K, used 20158K [0x0000000743000000, 0x0000000800000000)
  region size 2048K, 1 young (2048K), 1 survivors (2048K)
 Metaspace       used 35683K, committed 36096K, reserved 1114112K
  class space    used 4535K, committed 4736K, reserved 1048576K
}
Event: 7.217 GC heap before
{Heap before GC invocations=9 (full 0):
 garbage-first heap   total 65536K, used 46782K [0x0000000743000000, 0x0000000800000000)
  region size 2048K, 14 young (28672K), 1 survivors (2048K)
 Metaspace       used 41154K, committed 41536K, reserved 1114112K
  class space    used 5336K, committed 5504K, reserved 1048576K
}
Event: 7.224 GC heap after
{Heap after GC invocations=10 (full 0):
 garbage-first heap   total 65536K, used 21208K [0x0000000743000000, 0x0000000800000000)
  region size 2048K, 2 young (4096K), 2 survivors (4096K)
 Metaspace       used 41154K, committed 41536K, reserved 1114112K
  class space    used 5336K, committed 5504K, reserved 1048576K
}
Event: 8.063 GC heap before
{Heap before GC invocations=10 (full 0):
 garbage-first heap   total 65536K, used 47832K [0x0000000743000000, 0x0000000800000000)
  region size 2048K, 15 young (30720K), 2 survivors (4096K)
 Metaspace       used 47191K, committed 47616K, reserved 1114112K
  class space    used 6224K, committed 6400K, reserved 1048576K
}
Event: 8.072 GC heap after
{Heap after GC invocations=11 (full 0):
 garbage-first heap   total 65536K, used 22653K [0x0000000743000000, 0x0000000800000000)
  region size 2048K, 2 young (4096K), 2 survivors (4096K)
 Metaspace       used 47191K, committed 47616K, reserved 1114112K
  class space    used 6224K, committed 6400K, reserved 1048576K
}
Event: 8.807 GC heap before
{Heap before GC invocations=11 (full 0):
 garbage-first heap   total 65536K, used 45181K [0x0000000743000000, 0x0000000800000000)
  region size 2048K, 14 young (28672K), 2 survivors (4096K)
 Metaspace       used 53386K, committed 53824K, reserved 1114112K
  class space    used 7143K, committed 7360K, reserved 1048576K
}
Event: 8.820 GC heap after
{Heap after GC invocations=12 (full 0):
 garbage-first heap   total 79872K, used 23601K [0x0000000743000000, 0x0000000800000000)
  region size 2048K, 2 young (4096K), 2 survivors (4096K)
 Metaspace       used 53386K, committed 53824K, reserved 1114112K
  class space    used 7143K, committed 7360K, reserved 1048576K
}
Event: 9.962 GC heap before
{Heap before GC invocations=12 (full 0):
 garbage-first heap   total 79872K, used 60465K [0x0000000743000000, 0x0000000800000000)
  region size 2048K, 20 young (40960K), 2 survivors (4096K)
 Metaspace       used 59394K, committed 59968K, reserved 1114112K
  class space    used 8098K, committed 8384K, reserved 1048576K
}
Event: 9.973 GC heap after
{Heap after GC invocations=13 (full 0):
 garbage-first heap   total 79872K, used 24748K [0x0000000743000000, 0x0000000800000000)
  region size 2048K, 2 young (4096K), 2 survivors (4096K)
 Metaspace       used 59394K, committed 59968K, reserved 1114112K
  class space    used 8098K, committed 8384K, reserved 1048576K
}
Event: 10.108 GC heap before
{Heap before GC invocations=13 (full 0):
 garbage-first heap   total 79872K, used 28844K [0x0000000743000000, 0x0000000800000000)
  region size 2048K, 5 young (10240K), 2 survivors (4096K)
 Metaspace       used 60058K, committed 60608K, reserved 1114112K
  class space    used 8156K, committed 8448K, reserved 1048576K
}
Event: 10.116 GC heap after
{Heap after GC invocations=14 (full 0):
 garbage-first heap   total 79872K, used 25281K [0x0000000743000000, 0x0000000800000000)
  region size 2048K, 2 young (4096K), 2 survivors (4096K)
 Metaspace       used 60058K, committed 60608K, reserved 1114112K
  class space    used 8156K, committed 8448K, reserved 1048576K
}
Event: 11.013 GC heap before
{Heap before GC invocations=15 (full 0):
 garbage-first heap   total 79872K, used 62145K [0x0000000743000000, 0x0000000800000000)
  region size 2048K, 20 young (40960K), 2 survivors (4096K)
 Metaspace       used 63903K, committed 64384K, reserved 1114112K
  class space    used 8805K, committed 9024K, reserved 1048576K
}
Event: 11.025 GC heap after
{Heap after GC invocations=16 (full 0):
 garbage-first heap   total 79872K, used 28193K [0x0000000743000000, 0x0000000800000000)
  region size 2048K, 3 young (6144K), 3 survivors (6144K)
 Metaspace       used 63903K, committed 64384K, reserved 1114112K
  class space    used 8805K, committed 9024K, reserved 1048576K
}
Event: 11.058 GC heap before
{Heap before GC invocations=16 (full 0):
 garbage-first heap   total 79872K, used 30241K [0x0000000743000000, 0x0000000800000000)
  region size 2048K, 4 young (8192K), 3 survivors (6144K)
 Metaspace       used 63917K, committed 64384K, reserved 1114112K
  class space    used 8805K, committed 9024K, reserved 1048576K
}
Event: 11.070 GC heap after
{Heap after GC invocations=17 (full 0):
 garbage-first heap   total 79872K, used 28348K [0x0000000743000000, 0x0000000800000000)
  region size 2048K, 1 young (2048K), 1 survivors (2048K)
 Metaspace       used 63917K, committed 64384K, reserved 1114112K
  class space    used 8805K, committed 9024K, reserved 1048576K
}
Event: 11.447 GC heap before
{Heap before GC invocations=17 (full 0):
 garbage-first heap   total 79872K, used 61116K [0x0000000743000000, 0x0000000800000000)
  region size 2048K, 17 young (34816K), 1 survivors (2048K)
 Metaspace       used 65658K, committed 66240K, reserved 1114112K
  class space    used 9169K, committed 9408K, reserved 1048576K
}
Event: 11.451 GC heap after
{Heap after GC invocations=18 (full 0):
 garbage-first heap   total 79872K, used 29096K [0x0000000743000000, 0x0000000800000000)
  region size 2048K, 1 young (2048K), 1 survivors (2048K)
 Metaspace       used 65658K, committed 66240K, reserved 1114112K
  class space    used 9169K, committed 9408K, reserved 1048576K
}
Event: 11.650 GC heap before
{Heap before GC invocations=18 (full 0):
 garbage-first heap   total 79872K, used 61864K [0x0000000743000000, 0x0000000800000000)
  region size 2048K, 17 young (34816K), 1 survivors (2048K)
 Metaspace       used 65678K, committed 66240K, reserved 1114112K
  class space    used 9169K, committed 9408K, reserved 1048576K
}
Event: 11.655 GC heap after
{Heap after GC invocations=19 (full 0):
 garbage-first heap   total 79872K, used 29952K [0x0000000743000000, 0x0000000800000000)
  region size 2048K, 2 young (4096K), 2 survivors (4096K)
 Metaspace       used 65678K, committed 66240K, reserved 1114112K
  class space    used 9169K, committed 9408K, reserved 1048576K
}
Event: 11.794 GC heap before
{Heap before GC invocations=19 (full 0):
 garbage-first heap   total 79872K, used 60672K [0x0000000743000000, 0x0000000800000000)
  region size 2048K, 18 young (36864K), 2 survivors (4096K)
 Metaspace       used 65684K, committed 66240K, reserved 1114112K
  class space    used 9169K, committed 9408K, reserved 1048576K
}

